nohup: ignoring input
Using Theano backend.
WARNING (theano.sandbox.cuda): The cuda backend is deprecated and will be removed in the next release (v0.10).  Please switch to the gpuarray backend. You can get more information about how to switch at this URL:
 https://github.com/Theano/Theano/wiki/Converting-to-the-new-gpu-back-end%28gpuarray%29

Using gpu device 0: GeForce GTX 1080 Ti (CNMeM is disabled, cuDNN 5110)
/home/viprlab/anaconda3/lib/python3.6/site-packages/keras/utils/conv_utils.py:82: FutureWarning: Using a non-tuple sequence for multidimensional indexing is deprecated; use `arr[tuple(seq)]` instead of `arr[seq]`. In the future this will be interpreted as an array index, `arr[np.array(seq)]`, which will result either in an error or a different result.
  return np.copy(kernel[slices])
/home/viprlab/anaconda3/lib/python3.6/site-packages/keras/utils/conv_utils.py:82: FutureWarning: Using a non-tuple sequence for multidimensional indexing is deprecated; use `arr[tuple(seq)]` instead of `arr[seq]`. In the future this will be interpreted as an array index, `arr[np.array(seq)]`, which will result either in an error or a different result.
  return np.copy(kernel[slices])
/home/viprlab/anaconda3/lib/python3.6/site-packages/keras/utils/conv_utils.py:82: FutureWarning: Using a non-tuple sequence for multidimensional indexing is deprecated; use `arr[tuple(seq)]` instead of `arr[seq]`. In the future this will be interpreted as an array index, `arr[np.array(seq)]`, which will result either in an error or a different result.
  return np.copy(kernel[slices])
/home/viprlab/anaconda3/lib/python3.6/site-packages/keras/utils/conv_utils.py:82: FutureWarning: Using a non-tuple sequence for multidimensional indexing is deprecated; use `arr[tuple(seq)]` instead of `arr[seq]`. In the future this will be interpreted as an array index, `arr[np.array(seq)]`, which will result either in an error or a different result.
  return np.copy(kernel[slices])
/home/viprlab/anaconda3/lib/python3.6/site-packages/keras/utils/conv_utils.py:82: FutureWarning: Using a non-tuple sequence for multidimensional indexing is deprecated; use `arr[tuple(seq)]` instead of `arr[seq]`. In the future this will be interpreted as an array index, `arr[np.array(seq)]`, which will result either in an error or a different result.
  return np.copy(kernel[slices])
/home/viprlab/anaconda3/lib/python3.6/site-packages/keras/utils/conv_utils.py:82: FutureWarning: Using a non-tuple sequence for multidimensional indexing is deprecated; use `arr[tuple(seq)]` instead of `arr[seq]`. In the future this will be interpreted as an array index, `arr[np.array(seq)]`, which will result either in an error or a different result.
  return np.copy(kernel[slices])
/home/viprlab/anaconda3/lib/python3.6/site-packages/keras/utils/conv_utils.py:82: FutureWarning: Using a non-tuple sequence for multidimensional indexing is deprecated; use `arr[tuple(seq)]` instead of `arr[seq]`. In the future this will be interpreted as an array index, `arr[np.array(seq)]`, which will result either in an error or a different result.
  return np.copy(kernel[slices])
/home/viprlab/anaconda3/lib/python3.6/site-packages/keras/utils/conv_utils.py:82: FutureWarning: Using a non-tuple sequence for multidimensional indexing is deprecated; use `arr[tuple(seq)]` instead of `arr[seq]`. In the future this will be interpreted as an array index, `arr[np.array(seq)]`, which will result either in an error or a different result.
  return np.copy(kernel[slices])
/home/viprlab/anaconda3/lib/python3.6/site-packages/keras/utils/conv_utils.py:82: FutureWarning: Using a non-tuple sequence for multidimensional indexing is deprecated; use `arr[tuple(seq)]` instead of `arr[seq]`. In the future this will be interpreted as an array index, `arr[np.array(seq)]`, which will result either in an error or a different result.
  return np.copy(kernel[slices])
/home/viprlab/anaconda3/lib/python3.6/site-packages/keras/utils/conv_utils.py:82: FutureWarning: Using a non-tuple sequence for multidimensional indexing is deprecated; use `arr[tuple(seq)]` instead of `arr[seq]`. In the future this will be interpreted as an array index, `arr[np.array(seq)]`, which will result either in an error or a different result.
  return np.copy(kernel[slices])
/home/viprlab/anaconda3/lib/python3.6/site-packages/keras/utils/conv_utils.py:82: FutureWarning: Using a non-tuple sequence for multidimensional indexing is deprecated; use `arr[tuple(seq)]` instead of `arr[seq]`. In the future this will be interpreted as an array index, `arr[np.array(seq)]`, which will result either in an error or a different result.
  return np.copy(kernel[slices])
/home/viprlab/anaconda3/lib/python3.6/site-packages/keras/utils/conv_utils.py:82: FutureWarning: Using a non-tuple sequence for multidimensional indexing is deprecated; use `arr[tuple(seq)]` instead of `arr[seq]`. In the future this will be interpreted as an array index, `arr[np.array(seq)]`, which will result either in an error or a different result.
  return np.copy(kernel[slices])
/home/viprlab/anaconda3/lib/python3.6/site-packages/keras/utils/conv_utils.py:82: FutureWarning: Using a non-tuple sequence for multidimensional indexing is deprecated; use `arr[tuple(seq)]` instead of `arr[seq]`. In the future this will be interpreted as an array index, `arr[np.array(seq)]`, which will result either in an error or a different result.
  return np.copy(kernel[slices])
/home/viprlab/anaconda3/lib/python3.6/site-packages/keras/utils/conv_utils.py:82: FutureWarning: Using a non-tuple sequence for multidimensional indexing is deprecated; use `arr[tuple(seq)]` instead of `arr[seq]`. In the future this will be interpreted as an array index, `arr[np.array(seq)]`, which will result either in an error or a different result.
  return np.copy(kernel[slices])
/home/viprlab/anaconda3/lib/python3.6/site-packages/keras/utils/conv_utils.py:82: FutureWarning: Using a non-tuple sequence for multidimensional indexing is deprecated; use `arr[tuple(seq)]` instead of `arr[seq]`. In the future this will be interpreted as an array index, `arr[np.array(seq)]`, which will result either in an error or a different result.
  return np.copy(kernel[slices])
/home/viprlab/anaconda3/lib/python3.6/site-packages/keras/utils/conv_utils.py:82: FutureWarning: Using a non-tuple sequence for multidimensional indexing is deprecated; use `arr[tuple(seq)]` instead of `arr[seq]`. In the future this will be interpreted as an array index, `arr[np.array(seq)]`, which will result either in an error or a different result.
  return np.copy(kernel[slices])
/home/viprlab/anaconda3/lib/python3.6/site-packages/keras/utils/conv_utils.py:82: FutureWarning: Using a non-tuple sequence for multidimensional indexing is deprecated; use `arr[tuple(seq)]` instead of `arr[seq]`. In the future this will be interpreted as an array index, `arr[np.array(seq)]`, which will result either in an error or a different result.
  return np.copy(kernel[slices])
/home/viprlab/anaconda3/lib/python3.6/site-packages/keras/utils/conv_utils.py:82: FutureWarning: Using a non-tuple sequence for multidimensional indexing is deprecated; use `arr[tuple(seq)]` instead of `arr[seq]`. In the future this will be interpreted as an array index, `arr[np.array(seq)]`, which will result either in an error or a different result.
  return np.copy(kernel[slices])
/home/viprlab/anaconda3/lib/python3.6/site-packages/keras/utils/conv_utils.py:82: FutureWarning: Using a non-tuple sequence for multidimensional indexing is deprecated; use `arr[tuple(seq)]` instead of `arr[seq]`. In the future this will be interpreted as an array index, `arr[np.array(seq)]`, which will result either in an error or a different result.
  return np.copy(kernel[slices])
/home/viprlab/anaconda3/lib/python3.6/site-packages/keras/utils/conv_utils.py:82: FutureWarning: Using a non-tuple sequence for multidimensional indexing is deprecated; use `arr[tuple(seq)]` instead of `arr[seq]`. In the future this will be interpreted as an array index, `arr[np.array(seq)]`, which will result either in an error or a different result.
  return np.copy(kernel[slices])
/home/viprlab/anaconda3/lib/python3.6/site-packages/keras/utils/conv_utils.py:82: FutureWarning: Using a non-tuple sequence for multidimensional indexing is deprecated; use `arr[tuple(seq)]` instead of `arr[seq]`. In the future this will be interpreted as an array index, `arr[np.array(seq)]`, which will result either in an error or a different result.
  return np.copy(kernel[slices])
25
[0 0 1 0 1 1 2 0 0 0 1 0 0 0 2 0 0 0 0 0 0 0 0 2 0 0 0]
[1 1 1 1 1 1 1 1 1 0 0 0 0 0 0 0 0 0 0 0 0 0 0 0 0 0 0]
war: 0.6666666666666666
uar: nan
[1 0 0 1 0 1 1 0 1 0 0 0 0 0 0 0 0 0 0 0 0 1 1 1 0 0 0 0 1 1 1 1 0 0 0 1 1
 0 1 0 0 1 0 0 0 0 1 0 0 0 0 0 0 0 2 2 2 0 2 2 0 2 0 2 0 0 0 0 2 2 2 0 0 0
 0 0 0 0 0 0 0]
[0 0 0 0 0 0 0 0 0 0 0 0 0 0 0 0 0 0 0 0 0 0 0 0 0 0 0 0 0 0 0 0 0 0 0 0 0
 0 0 0 0 0 0 0 0 1 1 1 1 1 1 1 1 1 2 2 2 2 2 2 2 2 2 2 2 2 2 2 2 2 2 2 2 2
 2 2 2 2 2 2 2]
war: 0.5370370370370371
uar: 0.43033509700176364
[0 2 0 0 2 2 2 2 0 0 0 0 0 0 2 0 0 0 1 1 0 1 0 0 0 0 0 2 0 2 0 0 0 0 0 0 2
 0 0 2 0 0 0 2 0]
[2 2 2 2 2 2 2 2 2 0 0 0 0 0 0 0 0 0 0 0 0 0 0 0 0 0 0 0 0 0 0 0 0 0 0 0 0
 0 0 0 0 0 0 0 0]
war: 0.5882352941176471
uar: 0.452020202020202
[1 2 2 0 1 0 0 2 1 0 1 0 0 0 0 0 0 1 0 0 0 2 0 0 0 1 0]
[0 0 0 0 0 0 0 0 0 0 0 0 0 0 0 0 0 0 0 0 0 0 0 0 0 0 0]
war: 0.5944444444444444
uar: 0.44576719576719576
[0 2 2 2 2 0 0 0 2 0 0 1 1 0 0 0 0 0 0 0 0 0 0 0 0 0 0 0 0 0 2 0 0 0 0 2 0
 2 2 0 0 0 2 2 2 0 1 1 1 0 1 1 1 1 1 0 0 0 1 0 1 0 0]
[2 2 2 2 2 2 2 2 2 1 1 1 1 1 1 1 1 1 2 2 2 2 2 2 2 2 2 2 2 2 2 2 2 2 2 2 2
 2 2 2 2 2 2 2 2 0 0 0 0 0 0 0 0 0 2 2 2 2 2 2 2 2 2]
war: 0.5061728395061729
uar: 0.4074074074074074
[1 1 0 1 1 1 1 1 1 0 0 0 2 2 2 2 0 0 2 2 2 2 0 0 2 2 2 0 1 2 0 0 0 1 0 0]
[1 1 1 1 1 1 1 1 1 2 2 2 2 2 2 2 2 2 2 2 2 2 2 2 2 2 2 0 0 0 0 0 0 0 0 0]
war: 0.5304659498207885
uar: 0.47979797979797983
[0 0 0 2 0 2 0 2 0 2 0 2 0 0 0 2 2 2 2 0 0 0 0 0 0 0 0 0 0 0 2 2 0 2 0 0 0
 2 0 1 0 0 0 0 0]
[0 0 0 0 0 0 0 0 0 0 0 0 0 0 0 0 0 0 0 0 0 0 0 0 0 0 0 0 0 0 0 0 0 0 0 0 0
 0 0 0 0 0 0 0 0]
war: 0.5524691358024691
uar: 0.48156164822831493
[0 0 0 0 0 0 1 0 1]
[0 0 0 0 0 0 0 0 0]
war: 0.5585585585585585
uar: 0.4831649831649832
[0 1 0 1 1 1 0 0 1 0 2 0 0 0 0 0 2 0 0 0 1 2 0 0 0 0 2 2 0 1 0 0 0 1 0 0 0
 1 0 0 0 0 0 0 0 0 0 0 2 0 0 0 0 0 0 0 0 0 0 0 0 0 0 0 0 0 0 0 0 1 0 1 0 0
 0 0 0 0 0 0 0 1 0 0 0 0 0 0 0 1 2 0 0 0 0 0 0 0 0]
[1 1 1 1 1 1 1 1 1 1 1 1 1 1 1 1 1 1 0 0 0 0 0 0 0 0 0 1 1 1 1 1 1 1 1 1 0
 0 0 0 0 0 0 0 0 0 0 0 0 0 0 0 0 0 1 1 1 1 1 1 1 1 1 0 0 0 0 0 0 0 0 0 0 0
 0 0 0 0 0 0 0 1 1 1 1 1 1 1 1 1 0 0 0 0 0 0 0 0 0]
war: 0.5578703703703703
uar: 0.46069157180268294
[2 0 2 1 1 0 0 0 0]
[0 0 0 0 0 0 0 0 0]
war: 0.5578231292517006
uar: 0.45886708721957764
[0 0 0 0 0 0 0 2 0 0 1 0 0 0 0 0 0 0 0 0 0 0 0 0 0 0 0 2 0 0 0 2 0 0 0 0]
[0 0 0 0 0 0 0 0 0 0 0 0 0 0 0 0 0 0 0 0 0 0 0 0 0 0 0 0 0 0 0 0 0 0 0 0]
war: 0.5828092243186582
uar: 0.4661429105873551
[0 0 0 0 0 0 0 1 0 1 0 2 0 0 2 0 0 0 0 0 1 1 1 1 0 0 0 0 1 0 0 1 0 0 0 0 0
 0 0 0 0 2 0 2 2 2 1 0 0 0 0 0 0 2 0 0 0 0 0 1 0 2 0 0 1 0 0 0 0 0 1 0 0 0
 0 0 0 0 1 0 1 0 0 0 2 0 0 0 0 0 0 0 0 0 0 0 0 0 0]
[0 0 0 0 0 0 0 0 0 2 2 2 2 2 2 2 2 2 1 1 1 1 1 1 1 1 1 0 0 0 0 0 0 0 0 0 2
 2 2 2 2 2 2 2 2 2 2 2 2 2 2 2 2 2 2 2 2 2 2 2 2 2 2 1 1 1 1 1 1 1 1 1 0 0
 0 0 0 0 0 0 0 0 0 0 0 0 0 0 0 0 0 0 0 0 0 0 0 0 0]
war: 0.5746527777777778
uar: 0.46073601512198
[0 0 0 0 1 1 1 2 0 0 1 1 1 1 2 1 1 1]
[1 1 1 1 1 1 1 1 1 1 1 1 1 1 1 1 1 1]
war: 0.5740740740740741
uar: 0.4742040285899935
[1 1 1 1 1 0 0 0 0 0 1 1 1 0 1 0 1 0 1 1 1 0 0 0 0 1 1]
[1 1 1 1 1 1 1 1 1 1 1 1 1 1 1 1 1 1 1 1 1 1 1 1 1 1 1]
war: 0.573268921095008
uar: 0.4880929174788824
[1 1 1 0 0 0 1 1 1 2 0 0 0 0 0 1 0 0 0 0 0 0 2 0 1 0 0]
[1 1 1 1 1 1 1 1 1 2 2 2 2 2 2 2 2 2 0 0 0 0 0 0 0 0 0]
war: 0.5709876543209876
uar: 0.48927783364057875
[0 2 2 0 1 0 0 1 0 1 0 0 1 1 2 1 1 0 1 0 0 0 0 0 0 0 0]
[1 1 1 1 1 1 1 1 1 0 0 0 0 0 0 0 0 0 1 1 1 1 1 1 1 1 1]
war: 0.557037037037037
uar: 0.47789961013645227
[1 0 2 0 2 0 0 0 0 0 0 0 2 0 0 0 0 0 0 0 0 0 0 0 0 0 0 0 0 1 0 0 1 1 0 0 0
 2 0 0 0 0 0 0 0 0 0 0 0 0 0 0 2 2 2 1 0 0 0 0 0 1 0 0 2 0 0 0 2 0 0 0 0 0
 0 2 0 0 0 0 0 0 0 0 1 2 0 0 2 0 0 0 0 0 0 1 0 2 0 2 0 0 0 0 1 0 0 0 0 0 0
 1 1 0 0 0 0 0 0 0 0 0 2 1 0 0 0 2 0 0 2 0 0 0 0 0 0 0 0 0 0 1 0 0 0 0 0 0
 0 0 0 0 0 1 0 2 0 2 0 0 0 0 0 0 0 0 2 0 0 0 0 2 0 0 2 2 0 0 0 0 0 0 0 0 0
 0 0 0 0 0 0 0 0 0 0 2 2 0 0 0 0 0 0 0 2 2 0 0 0 0 0 0 1 0 0 0 0 2 1 0 2 0
 2 0 0 0 2 0 0 0 0 0 0 0 0 0 2 2 2 2 2 0 0 1 2 0 0 0 0 0 0 0 0 0 0 2 0 0 0
 2 0 0 0 0 0 0 0 0 2 0 0 0 0 0 0 0 0 0 0 0 0 0 0 0 2 0 0 0 1 0 0 0 2 0 0 0
 0]
[1 1 1 1 1 1 1 1 1 2 2 2 2 2 2 2 2 2 1 1 1 1 1 1 1 1 1 0 0 0 0 0 0 0 0 0 0
 0 0 0 0 0 0 0 0 0 0 0 0 0 0 0 0 0 0 0 0 0 0 0 0 0 0 0 0 0 0 0 0 0 0 0 1 1
 1 1 1 1 1 1 1 1 1 1 1 1 1 1 1 1 1 1 1 1 1 1 1 1 1 0 0 0 0 0 0 0 0 0 0 0 0
 0 0 0 0 0 0 0 0 0 0 0 0 0 0 0 0 0 0 0 0 0 0 0 0 0 0 0 0 0 0 0 0 0 1 1 1 1
 1 1 1 1 1 0 0 0 0 0 0 0 0 0 0 0 0 0 0 0 0 0 0 0 0 0 0 0 0 0 0 0 0 0 0 0 0
 0 0 0 0 0 0 0 0 0 0 0 0 0 0 0 0 0 0 0 0 0 0 0 0 0 0 0 0 0 0 0 0 0 0 0 0 0
 0 0 0 0 0 0 0 0 0 0 0 0 0 0 0 0 0 0 0 0 0 1 1 1 1 1 1 1 1 1 0 0 0 0 0 0 0
 0 0 0 0 0 0 0 0 0 0 0 0 0 0 0 0 0 0 0 0 0 0 0 0 0 0 0 0 0 0 0 0 0 0 0 0 0
 0]
war: 0.5740740740740741
uar: 0.4524384112619406
[0 1 0 1 1 1 1 1 1 1 1 1 0 1 0 1 2 0 1 0 2 0 0 0 0 0 0 1 1 0 0 2 1 1 0 1 0
 0 0 0 2 1 2 0 2 0 0 2 0 0 2 0 2 0 2 2 0 0 0 0 0 0 0 2 0 0 0 2 2 2 2 2 0 0
 0 2 0 0 1 0 0 0 0 0 0 0 0 0 0 0 0 0 0 0 0 0 2 0 0 0 0 0 0 2 0 0 0 0]
[1 1 1 1 1 1 1 1 1 1 1 1 1 1 1 1 1 1 2 2 2 2 2 2 2 2 2 2 2 2 2 2 2 2 2 2 1
 1 1 1 1 1 1 1 1 2 2 2 2 2 2 2 2 2 0 0 0 0 0 0 0 0 0 0 0 0 0 0 0 0 0 0 0 0
 0 0 0 0 0 0 0 2 2 2 2 2 2 2 2 2 2 2 2 2 2 2 2 2 2 0 0 0 0 0 0 0 0 0]
war: 0.5574074074074075
uar: 0.4442879570315852
[1 1 0 1 2 0 0 2 1 2 2 1 0 2 2 1 0 0]
[0 0 0 0 0 0 0 0 0 0 0 0 0 0 0 0 0 0]
war: 0.5537340619307832
uar: 0.4403415734158813
[0 1 0 1 0 0 0 0 0]
[0 0 0 0 0 0 0 0 0]
war: 0.5555555555555556
uar: 0.4405082111020808
[0 0 0 0 0 0 0 0 0 0 0 0 0 0 0 0 1 0]
[0 0 0 0 0 0 0 0 0 0 0 0 0 0 0 0 0 0]
war: 0.5617777777777778
uar: 0.44232947681223544
[0 0 0 1 1 1 1 0 0 0 0 0 0 0 0 0 0 0 0 1 0 0 1 0 0 0 0 0 2 0 1 0 0 0 0 0 0
 0 0 0 0 0 0 0 0 0 0 0 0 0 2 0 0 0 0 0 0 0 1 0 0 0 0 1 1 0 1 1 0 2 2 0]
[1 1 1 1 1 1 1 1 1 0 0 0 0 0 0 0 0 0 0 0 0 0 0 0 0 0 0 0 0 0 0 0 0 0 0 0 0
 0 0 0 0 0 0 0 0 0 0 0 0 0 0 0 0 0 0 0 0 0 0 0 0 0 0 0 0 0 0 0 0 0 0 0]
war: 0.5739348370927319
uar: 0.44564160119715673
[0 1 1 0 1 0 0 0 0 0 0 2 0 0 0 0 0 0 0 0 0 1 0 1 0 0 1 0 0 0 0 2 2 2 0 0 2
 2 0 0 2 0 0 2 2 0 0 1 0 0 0 0 0 0]
[0 0 0 0 0 0 0 0 0 0 0 0 0 0 0 0 0 0 0 0 0 0 0 0 0 0 0 0 0 0 0 0 0 0 0 0 0
 0 0 0 0 0 0 0 0 2 2 2 2 2 2 2 2 2]
war: 0.5731414868105515
uar: 0.4400142306107928
[2 2 0 0 2 0 0 0 0 0 1 0 0 0 0 0 0 1 2 2 0 0 0 0 2 0 1 1 0 2 0 2 0 0 1 1 0
 2 1 0 0 0 0 0 0]
[0 0 0 0 0 0 0 0 0 0 0 0 0 0 0 0 0 0 2 2 2 2 2 2 2 2 2 2 2 2 2 2 2 2 2 2 0
 0 0 0 0 0 0 0 0]
war: 0.5725308641975309
uar: 0.4403828547648773
[0 0 1 1 0 0 0 1 1 0 0 0 0 0 0 0 0 0 0 0 0 0 0 0 0 2 0 0 1 1 1 1 1 1 1 0 2
 1 0 2 1 0 2 0 0 0 0 0 0 0 2 0 2 2 2 2 0 0 0 2 0 0 0 0 0 0 0 0 0 0 0 0 2 0
 0 2 2 0 0 0 0 2 0 0 0 0 0 0 0 2 0 0 0 1 0 0 0 0 0 0 0 0 0 2 0 0 2 0]
[1 1 1 1 1 1 1 1 1 0 0 0 0 0 0 0 0 0 0 0 0 0 0 0 0 0 0 1 1 1 1 1 1 1 1 1 0
 0 0 0 0 0 0 0 0 0 0 0 0 0 0 0 0 0 0 0 0 0 0 0 0 0 0 0 0 0 0 0 0 0 0 0 0 0
 0 0 0 0 0 0 0 0 0 0 0 0 0 0 0 0 0 0 0 0 0 0 0 0 0 0 0 0 0 0 0 0 0 0]
war: 0.5861823361823362
uar: 0.4476416947250281
25
[0 2 0 0 1 1 2 0 0 0 0 2 0 0 1 0 0 0 0 1 0 0 0 0 0 0 0]
[1 1 1 1 1 1 1 1 1 0 0 0 0 0 0 0 0 0 0 0 0 0 0 0 0 0 0]
war: 0.6296296296296297
uar: nan
[1 0 0 0 0 1 1 0 1 0 1 1 1 0 0 1 1 1 1 1 0 0 0 0 0 1 1 0 0 0 0 1 1 1 0 0 1
 0 1 0 1 1 1 1 1 1 1 1 0 0 0 2 1 2 2 0 2 0 0 2 2 0 0 2 2 0 0 0 0 2 0 0 0 0
 1 0 0 0 0 0 0]
[0 0 0 0 0 0 0 0 0 0 0 0 0 0 0 0 0 0 0 0 0 0 0 0 0 0 0 0 0 0 0 0 0 0 0 0 0
 0 0 0 0 0 0 0 0 1 1 1 1 1 1 1 1 1 2 2 2 2 2 2 2 2 2 2 2 2 2 2 2 2 2 2 2 2
 2 2 2 2 2 2 2]
war: 0.4537037037037037
uar: 0.3880070546737213
[0 0 2 0 0 0 0 0 2 0 0 0 0 0 0 0 2 1 0 0 0 0 0 0 0 0 0 0 0 0 0 0 0 0 2 0 0
 2 0 2 0 0 0 0 0]
[2 2 2 2 2 2 2 2 2 0 0 0 0 0 0 0 0 0 0 0 0 0 0 0 0 0 0 0 0 0 0 0 0 0 0 0 0
 0 0 0 0 0 0 0 0]
war: 0.5359477124183006
uar: 0.42003367003367004
[1 0 0 0 0 2 0 0 2 0 0 0 0 1 0 0 0 1 0 0 0 0 0 0 0 0 0]
[0 0 0 0 0 0 0 0 0 0 0 0 0 0 0 0 0 0 0 0 0 0 0 0 0 0 0]
war: 0.5777777777777777
uar: 0.42989417989417994
[2 2 2 2 2 2 2 2 2 2 0 1 1 1 2 1 1 0 0 0 0 2 1 2 0 0 2 0 2 2 2 2 0 1 0 0 0
 0 0 1 1 0 2 1 1 1 0 1 0 2 1 1 0 0 1 1 1 0 1 1 1 1 1]
[2 2 2 2 2 2 2 2 2 1 1 1 1 1 1 1 1 1 2 2 2 2 2 2 2 2 2 2 2 2 2 2 2 2 2 2 2
 2 2 2 2 2 2 2 2 0 0 0 0 0 0 0 0 0 2 2 2 2 2 2 2 2 2]
war: 0.5349794238683128
uar: 0.4724279835390946
[1 1 1 1 1 1 1 1 1 0 0 1 2 2 0 2 2 2 0 2 0 2 0 0 0 1 2 1 1 0 2 0 0 1 2 1]/home/viprlab/anaconda3/lib/python3.6/site-packages/keras/utils/conv_utils.py:82: FutureWarning: Using a non-tuple sequence for multidimensional indexing is deprecated; use `arr[tuple(seq)]` instead of `arr[seq]`. In the future this will be interpreted as an array index, `arr[np.array(seq)]`, which will result either in an error or a different result.
  return np.copy(kernel[slices])
/home/viprlab/anaconda3/lib/python3.6/site-packages/keras/utils/conv_utils.py:82: FutureWarning: Using a non-tuple sequence for multidimensional indexing is deprecated; use `arr[tuple(seq)]` instead of `arr[seq]`. In the future this will be interpreted as an array index, `arr[np.array(seq)]`, which will result either in an error or a different result.
  return np.copy(kernel[slices])
/home/viprlab/anaconda3/lib/python3.6/site-packages/keras/utils/conv_utils.py:82: FutureWarning: Using a non-tuple sequence for multidimensional indexing is deprecated; use `arr[tuple(seq)]` instead of `arr[seq]`. In the future this will be interpreted as an array index, `arr[np.array(seq)]`, which will result either in an error or a different result.
  return np.copy(kernel[slices])
/home/viprlab/anaconda3/lib/python3.6/site-packages/keras/utils/conv_utils.py:82: FutureWarning: Using a non-tuple sequence for multidimensional indexing is deprecated; use `arr[tuple(seq)]` instead of `arr[seq]`. In the future this will be interpreted as an array index, `arr[np.array(seq)]`, which will result either in an error or a different result.
  return np.copy(kernel[slices])
/home/viprlab/anaconda3/lib/python3.6/site-packages/keras/utils/conv_utils.py:82: FutureWarning: Using a non-tuple sequence for multidimensional indexing is deprecated; use `arr[tuple(seq)]` instead of `arr[seq]`. In the future this will be interpreted as an array index, `arr[np.array(seq)]`, which will result either in an error or a different result.
  return np.copy(kernel[slices])
/home/viprlab/anaconda3/lib/python3.6/site-packages/keras/utils/conv_utils.py:82: FutureWarning: Using a non-tuple sequence for multidimensional indexing is deprecated; use `arr[tuple(seq)]` instead of `arr[seq]`. In the future this will be interpreted as an array index, `arr[np.array(seq)]`, which will result either in an error or a different result.
  return np.copy(kernel[slices])
/home/viprlab/anaconda3/lib/python3.6/site-packages/keras/utils/conv_utils.py:82: FutureWarning: Using a non-tuple sequence for multidimensional indexing is deprecated; use `arr[tuple(seq)]` instead of `arr[seq]`. In the future this will be interpreted as an array index, `arr[np.array(seq)]`, which will result either in an error or a different result.
  return np.copy(kernel[slices])
/home/viprlab/anaconda3/lib/python3.6/site-packages/keras/utils/conv_utils.py:82: FutureWarning: Using a non-tuple sequence for multidimensional indexing is deprecated; use `arr[tuple(seq)]` instead of `arr[seq]`. In the future this will be interpreted as an array index, `arr[np.array(seq)]`, which will result either in an error or a different result.
  return np.copy(kernel[slices])
/home/viprlab/anaconda3/lib/python3.6/site-packages/keras/utils/conv_utils.py:82: FutureWarning: Using a non-tuple sequence for multidimensional indexing is deprecated; use `arr[tuple(seq)]` instead of `arr[seq]`. In the future this will be interpreted as an array index, `arr[np.array(seq)]`, which will result either in an error or a different result.
  return np.copy(kernel[slices])
/home/viprlab/anaconda3/lib/python3.6/site-packages/keras/utils/conv_utils.py:82: FutureWarning: Using a non-tuple sequence for multidimensional indexing is deprecated; use `arr[tuple(seq)]` instead of `arr[seq]`. In the future this will be interpreted as an array index, `arr[np.array(seq)]`, which will result either in an error or a different result.
  return np.copy(kernel[slices])
/home/viprlab/anaconda3/lib/python3.6/site-packages/keras/utils/conv_utils.py:82: FutureWarning: Using a non-tuple sequence for multidimensional indexing is deprecated; use `arr[tuple(seq)]` instead of `arr[seq]`. In the future this will be interpreted as an array index, `arr[np.array(seq)]`, which will result either in an error or a different result.
  return np.copy(kernel[slices])
/home/viprlab/anaconda3/lib/python3.6/site-packages/keras/utils/conv_utils.py:82: FutureWarning: Using a non-tuple sequence for multidimensional indexing is deprecated; use `arr[tuple(seq)]` instead of `arr[seq]`. In the future this will be interpreted as an array index, `arr[np.array(seq)]`, which will result either in an error or a different result.
  return np.copy(kernel[slices])
/home/viprlab/anaconda3/lib/python3.6/site-packages/keras/utils/conv_utils.py:82: FutureWarning: Using a non-tuple sequence for multidimensional indexing is deprecated; use `arr[tuple(seq)]` instead of `arr[seq]`. In the future this will be interpreted as an array index, `arr[np.array(seq)]`, which will result either in an error or a different result.
  return np.copy(kernel[slices])
/home/viprlab/anaconda3/lib/python3.6/site-packages/keras/utils/conv_utils.py:82: FutureWarning: Using a non-tuple sequence for multidimensional indexing is deprecated; use `arr[tuple(seq)]` instead of `arr[seq]`. In the future this will be interpreted as an array index, `arr[np.array(seq)]`, which will result either in an error or a different result.
  return np.copy(kernel[slices])
/home/viprlab/anaconda3/lib/python3.6/site-packages/keras/utils/conv_utils.py:82: FutureWarning: Using a non-tuple sequence for multidimensional indexing is deprecated; use `arr[tuple(seq)]` instead of `arr[seq]`. In the future this will be interpreted as an array index, `arr[np.array(seq)]`, which will result either in an error or a different result.
  return np.copy(kernel[slices])
/home/viprlab/anaconda3/lib/python3.6/site-packages/keras/utils/conv_utils.py:82: FutureWarning: Using a non-tuple sequence for multidimensional indexing is deprecated; use `arr[tuple(seq)]` instead of `arr[seq]`. In the future this will be interpreted as an array index, `arr[np.array(seq)]`, which will result either in an error or a different result.
  return np.copy(kernel[slices])
/home/viprlab/anaconda3/lib/python3.6/site-packages/keras/utils/conv_utils.py:82: FutureWarning: Using a non-tuple sequence for multidimensional indexing is deprecated; use `arr[tuple(seq)]` instead of `arr[seq]`. In the future this will be interpreted as an array index, `arr[np.array(seq)]`, which will result either in an error or a different result.
  return np.copy(kernel[slices])
/home/viprlab/anaconda3/lib/python3.6/site-packages/keras/utils/conv_utils.py:82: FutureWarning: Using a non-tuple sequence for multidimensional indexing is deprecated; use `arr[tuple(seq)]` instead of `arr[seq]`. In the future this will be interpreted as an array index, `arr[np.array(seq)]`, which will result either in an error or a different result.
  return np.copy(kernel[slices])
/home/viprlab/anaconda3/lib/python3.6/site-packages/keras/utils/conv_utils.py:82: FutureWarning: Using a non-tuple sequence for multidimensional indexing is deprecated; use `arr[tuple(seq)]` instead of `arr[seq]`. In the future this will be interpreted as an array index, `arr[np.array(seq)]`, which will result either in an error or a different result.
  return np.copy(kernel[slices])
/home/viprlab/anaconda3/lib/python3.6/site-packages/keras/utils/conv_utils.py:82: FutureWarning: Using a non-tuple sequence for multidimensional indexing is deprecated; use `arr[tuple(seq)]` instead of `arr[seq]`. In the future this will be interpreted as an array index, `arr[np.array(seq)]`, which will result either in an error or a different result.
  return np.copy(kernel[slices])
/home/viprlab/anaconda3/lib/python3.6/site-packages/keras/utils/conv_utils.py:82: FutureWarning: Using a non-tuple sequence for multidimensional indexing is deprecated; use `arr[tuple(seq)]` instead of `arr[seq]`. In the future this will be interpreted as an array index, `arr[np.array(seq)]`, which will result either in an error or a different result.
  return np.copy(kernel[slices])
/home/viprlab/anaconda3/lib/python3.6/site-packages/keras/utils/conv_utils.py:82: FutureWarning: Using a non-tuple sequence for multidimensional indexing is deprecated; use `arr[tuple(seq)]` instead of `arr[seq]`. In the future this will be interpreted as an array index, `arr[np.array(seq)]`, which will result either in an error or a different result.
  return np.copy(kernel[slices])

[1 1 1 1 1 1 1 1 1 2 2 2 2 2 2 2 2 2 2 2 2 2 2 2 2 2 2 0 0 0 0 0 0 0 0 0]
war: 0.5376344086021505
uar: 0.521885521885522
[0 0 0 0 0 0 0 0 0 0 0 2 2 0 0 0 2 2 0 0 1 1 2 0 0 0 0 0 0 0 0 0 0 0 0 0 0
 0 0 1 0 0 0 1 0]
[0 0 0 0 0 0 0 0 0 0 0 0 0 0 0 0 0 0 0 0 0 0 0 0 0 0 0 0 0 0 0 0 0 0 0 0 0
 0 0 0 0 0 0 0 0]
war: 0.5740740740740741
uar: 0.5324675324675324
[0 2 0 0 0 0 0 0 1]
[0 0 0 0 0 0 0 0 0]
war: 0.5795795795795796
uar: 0.5336700336700336
[1 0 0 0 0 0 0 0 0 2 0 0 2 0 0 2 2 0 0 0 0 0 0 2 0 2 0 0 0 2 0 1 0 0 0 0 0
 0 0 0 0 2 0 0 0 0 1 0 0 0 1 0 0 0 1 0 0 0 0 0 0 0 0 0 1 0 0 0 0 0 0 0 0 0
 0 0 0 0 0 0 0 0 0 0 0 0 0 0 0 0 0 0 0 0 0 0 0 0 2]
[1 1 1 1 1 1 1 1 1 1 1 1 1 1 1 1 1 1 0 0 0 0 0 0 0 0 0 1 1 1 1 1 1 1 1 1 0
 0 0 0 0 0 0 0 0 0 0 0 0 0 0 0 0 0 1 1 1 1 1 1 1 1 1 0 0 0 0 0 0 0 0 0 0 0
 0 0 0 0 0 0 0 1 1 1 1 1 1 1 1 1 0 0 0 0 0 0 0 0 0]
war: 0.5625
uar: 0.4551600662711774
[1 1 0 0 0 0 0 0 0]
[0 0 0 0 0 0 0 0 0]
war: 0.5668934240362812
uar: 0.4556161874169537
[0 0 0 0 0 0 0 0 0 0 0 0 0 0 0 0 0 0 0 0 0 0 0 0 0 0 0 0 0 0 0 0 0 0 0 0]
[0 0 0 0 0 0 0 0 0 0 0 0 0 0 0 0 0 0 0 0 0 0 0 0 0 0 0 0 0 0 0 0 0 0 0 0]
war: 0.59958071278826
uar: 0.4661429105873551
[0 0 0 0 0 0 0 0 0 0 0 2 2 0 2 2 0 0 0 0 0 0 1 1 0 1 0 0 1 1 0 1 0 0 0 0 0
 0 0 0 0 2 2 0 0 2 1 1 1 2 2 2 2 0 0 0 2 0 1 2 0 0 2 0 1 2 1 0 0 1 1 2 0 0
 0 0 1 0 0 0 0 0 0 0 0 0 0 1 0 0 0 2 0 0 2 0 0 0 0]
[0 0 0 0 0 0 0 0 0 2 2 2 2 2 2 2 2 2 1 1 1 1 1 1 1 1 1 0 0 0 0 0 0 0 0 0 2
 2 2 2 2 2 2 2 2 2 2 2 2 2 2 2 2 2 2 2 2 2 2 2 2 2 2 1 1 1 1 1 1 1 1 1 0 0
 0 0 0 0 0 0 0 0 0 0 0 0 0 0 0 0 0 0 0 0 0 0 0 0 0]
war: 0.5989583333333334
uar: 0.4797625376572745
[0 1 0 1 0 1 0 1 0 1 1 1 1 0 2 2 1 1]
[1 1 1 1 1 1 1 1 1 1 1 1 1 1 1 1 1 1]
war: 0.5976430976430976
uar: 0.4927125506072875
[1 0 0 0 0 0 0 0 0 0 0 0 0 0 0 1 0 1 1 1 2 1 0 0 0 0 1]
[1 1 1 1 1 1 1 1 1 1 1 1 1 1 1 1 1 1 1 1 1 1 1 1 1 1 1]
war: 0.5829307568438004
uar: 0.4875487329434698
[1 1 0 2 0 1 2 1 2 0 0 1 1 1 1 1 0 0 2 1 0 0 0 0 2 0 1]
[1 1 1 1 1 1 1 1 1 2 2 2 2 2 2 2 2 2 0 0 0 0 0 0 0 0 0]
war: 0.5725308641975309
uar: 0.48053181386514715
[0 2 2 2 1 0 0 0 1 1 0 1 1 0 0 0 1 2 0 0 0 0 0 1 1 0 0]
[1 1 1 1 1 1 1 1 1 0 0 0 0 0 0 0 0 0 1 1 1 1 1 1 1 1 1]
war: 0.5614814814814815
uar: 0.4738791423001949
[0 2 0 0 0 0 2 2 2 0 0 0 0 0 1 0 2 0 0 0 0 0 0 0 0 0 0 0 1 1 1 2 0 0 0 1 0
 2 0 2 0 0 0 0 0 0 0 0 0 2 0 2 2 0 0 0 2 0 0 0 0 0 0 0 0 0 2 0 0 0 0 2 0 1
 0 0 1 0 0 2 0 0 0 0 1 0 0 0 0 0 2 1 1 1 0 0 0 1 0 0 0 1 0 0 0 0 0 0 0 0 0
 0 1 0 0 0 0 2 0 0 0 0 0 0 0 0 1 2 0 0 1 1 1 0 1 0 0 0 2 0 2 1 1 0 0 0 0 0
 0 0 0 0 0 0 0 0 0 0 0 0 0 0 0 0 0 0 0 0 0 0 0 0 0 0 1 0 1 0 0 2 0 0 0 2 2
 0 0 0 0 0 2 0 0 0 0 2 2 2 0 0 0 0 0 2 2 0 0 2 0 0 0 2 2 0 0 0 0 0 0 0 0 2
 0 0 1 0 2 0 2 2 0 0 0 0 0 0 0 2 2 0 0 0 0 0 2 2 0 0 0 0 0 0 2 0 0 0 0 0 2
 2 0 2 2 2 0 0 2 2 2 0 0 0 0 0 0 1 0 0 2 0 0 0 0 0 0 0 2 0 1 1 0 0 0 2 1 0
 0]
[1 1 1 1 1 1 1 1 1 2 2 2 2 2 2 2 2 2 1 1 1 1 1 1 1 1 1 0 0 0 0 0 0 0 0 0 0
 0 0 0 0 0 0 0 0 0 0 0 0 0 0 0 0 0 0 0 0 0 0 0 0 0 0 0 0 0 0 0 0 0 0 0 1 1
 1 1 1 1 1 1 1 1 1 1 1 1 1 1 1 1 1 1 1 1 1 1 1 1 1 0 0 0 0 0 0 0 0 0 0 0 0
 0 0 0 0 0 0 0 0 0 0 0 0 0 0 0 0 0 0 0 0 0 0 0 0 0 0 0 0 0 0 0 0 0 1 1 1 1
 1 1 1 1 1 0 0 0 0 0 0 0 0 0 0 0 0 0 0 0 0 0 0 0 0 0 0 0 0 0 0 0 0 0 0 0 0
 0 0 0 0 0 0 0 0 0 0 0 0 0 0 0 0 0 0 0 0 0 0 0 0 0 0 0 0 0 0 0 0 0 0 0 0 0
 0 0 0 0 0 0 0 0 0 0 0 0 0 0 0 0 0 0 0 0 0 1 1 1 1 1 1 1 1 1 0 0 0 0 0 0 0
 0 0 0 0 0 0 0 0 0 0 0 0 0 0 0 0 0 0 0 0 0 0 0 0 0 0 0 0 0 0 0 0 0 0 0 0 0
 0]
war: 0.5648148148148148
uar: 0.44464555052790344
[1 1 1 1 1 1 1 0 0 1 0 1 0 1 1 1 0 0 2 0 0 0 0 2 2 2 2 0 0 0 0 0 2 1 0 0 1
 1 0 0 1 1 1 1 0 0 0 0 1 0 0 0 2 2 0 2 0 0 0 0 0 0 0 2 2 2 0 1 2 0 0 0 0 0
 0 0 0 0 0 0 0 0 0 0 0 0 0 1 2 2 0 0 0 0 1 0 0 0 0 0 0 0 0 0 1 0 0 0]
[1 1 1 1 1 1 1 1 1 1 1 1 1 1 1 1 1 1 2 2 2 2 2 2 2 2 2 2 2 2 2 2 2 2 2 2 1
 1 1 1 1 1 1 1 1 2 2 2 2 2 2 2 2 2 0 0 0 0 0 0 0 0 0 0 0 0 0 0 0 0 0 0 0 0
 0 0 0 0 0 0 0 2 2 2 2 2 2 2 2 2 2 2 2 2 2 2 2 2 2 0 0 0 0 0 0 0 0 0]
war: 0.5611111111111111
uar: 0.45216869679638294
[2 1 0 0 2 0 1 0 0 0 0 1 0 0 0 0 0 0]
[0 0 0 0 0 0 0 0 0 0 0 0 0 0 0 0 0 0]
war: 0.563752276867031
uar: 0.45188897228722386
[0 0 0 1 1 0 0 2 1]
[0 0 0 0 0 0 0 0 0]
war: 0.5636856368563685
uar: 0.45098333268831353
[1 0 0 0 0 0 1 0 1 0 0 0 0 0 0 1 1 1]
[0 0 0 0 0 0 0 0 0 0 0 0 0 0 0 0 0 0]
war: 0.5653333333333334
uar: 0.45024648472924333
[0 0 0 0 0 0 0 0 0 2 0 0 0 1 0 0 0 0 1 0 0 1 0 0 1 0 0 0 0 0 0 0 0 0 0 0 0
 0 0 0 0 0 0 0 0 0 0 0 0 0 0 0 2 0 0 0 0 0 0 0 0 0 0 0 0 0 1 1 0 0 1 1]
[1 1 1 1 1 1 1 1 1 0 0 0 0 0 0 0 0 0 0 0 0 0 0 0 0 0 0 0 0 0 0 0 0 0 0 0 0
 0 0 0 0 0 0 0 0 0 0 0 0 0 0 0 0 0 0 0 0 0 0 0 0 0 0 0 0 0 0 0 0 0 0 0]
war: 0.5756056808688388
uar: 0.4495780853805545
[0 0 0 0 1 0 0 0 0 0 0 0 0 0 0 0 1 0 0 1 1 1 0 0 2 1 1 0 0 0 0 0 0 2 0 1 0
 0 0 0 0 0 0 0 2 0 0 0 0 0 0 0 0 0]
[0 0 0 0 0 0 0 0 0 0 0 0 0 0 0 0 0 0 0 0 0 0 0 0 0 0 0 0 0 0 0 0 0 0 0 0 0
 0 0 0 0 0 0 0 0 2 2 2 2 2 2 2 2 2]
war: 0.5779376498800959
uar: 0.44528080490331917
[0 0 0 0 2 0 0 2 0 0 1 0 0 0 0 0 0 0 0 0 1 2 2 1 0 2 0 0 1 0 0 2 0 0 0 0 2
 0 2 0 1 0 0 0 0]
[0 0 0 0 0 0 0 0 0 0 0 0 0 0 0 0 0 0 2 2 2 2 2 2 2 2 2 2 2 2 2 2 2 2 2 2 0
 0 0 0 0 0 0 0 0]
war: 0.5771604938271605
uar: 0.4438673879872381
[0 1 1 0 0 1 1 0 0 0 0 0 0 0 0 0 0 0 0 0 0 0 0 0 0 1 0 1 1 0 1 1 0 0 1 1 1
 1 0 0 0 0 0 0 1 0 0 0 0 0 0 0 2 0 0 0 0 0 2 1 0 0 0 0 0 0 0 0 2 0 0 0 2 0
 0 0 0 0 0 2 2 0 0 0 0 0 0 0 0 0 0 2 0 1 0 0 1 0 0 0 0 0 0 0 0 0 0 0]
[1 1 1 1 1 1 1 1 1 0 0 0 0 0 0 0 0 0 0 0 0 0 0 0 0 0 0 1 1 1 1 1 1 1 1 1 0
 0 0 0 0 0 0 0 0 0 0 0 0 0 0 0 0 0 0 0 0 0 0 0 0 0 0 0 0 0 0 0 0 0 0 0 0 0
 0 0 0 0 0 0 0 0 0 0 0 0 0 0 0 0 0 0 0 0 0 0 0 0 0 0 0 0 0 0 0 0 0 0]
war: 0.594017094017094
uar: 0.4522699214365881
25
[0 0 2 2 1 0 0 0 0 2 0 2 0 2 0 0 2 1 0 0 0 0 0 0 0 0 0]
[1 1 1 1 1 1 1 1 1 0 0 0 0 0 0 0 0 0 0 0 0 0 0 0 0 0 0]
war: 0.5185185185185185
uar: nan
[1 0 0 1 0 0 0 1 0 0 0 0 1 1 0 1 1 1 0 0 0 0 1 0 0 0 1 2 0 1 0 1 0 0 0 0 1
 1 0 0 0 0 1 1 1 2 0 0 0 0 0 2 1 0 0 0 2 0 0 0 0 2 0 1 0 2 0 0 1 2 0 0 1 1
 1 0 0 0 0 0 0]
[0 0 0 0 0 0 0 0 0 0 0 0 0 0 0 0 0 0 0 0 0 0 0 0 0 0 0 0 0 0 0 0 0 0 0 0 0
 0 0 0 0 0 0 0 0 1 1 1 1 1 1 1 1 1 2 2 2 2 2 2 2 2 2 2 2 2 2 2 2 2 2 2 2 2
 2 2 2 2 2 2 2]
war: 0.42592592592592593
uar: 0.2980599647266314
[0 0 2 0 2 0 2 0 0 0 0 0 0 0 2 0 0 2 1 0 0 0 0 0 0 0 0 1 2 0 0 0 0 0 0 2 2
 0 0 2 0 1 0 0 0]
[2 2 2 2 2 2 2 2 2 0 0 0 0 0 0 0 0 0 0 0 0 0 0 0 0 0 0 0 0 0 0 0 0 0 0 0 0
 0 0 0 0 0 0 0 0]
war: 0.49673202614379086
uar: 0.3274410774410774
[1 0 2 0 2 1 0 0 1 0 0 0 2 0 1 0 1 1 0 0 1 2 0 0 0 0 1]
[0 0 0 0 0 0 0 0 0 0 0 0 0 0 0 0 0 0 0 0 0 0 0 0 0 0 0]
war: 0.5055555555555555
uar: 0.3187830687830688
[2 0 2 2 2 2 2 0 2 1 0 0 0 1 0 2 0 0 0 2 0 2 2 1 2 0 1 2 2 2 2 2 0 2 0 0 0
 0 2 0 2 2 2 0 1 1 0 1 0 0 1 1 0 0 1 0 0 0 0 0 0 0 0]
[2 2 2 2 2 2 2 2 2 1 1 1 1 1 1 1 1 1 2 2 2 2 2 2 2 2 2 2 2 2 2 2 2 2 2 2 2
 2 2 2 2 2 2 2 2 0 0 0 0 0 0 0 0 0 2 2 2 2 2 2 2 2 2]
war: 0.4897119341563786
uar: 0.37942386831275715
[1 1 1 1 2 0 1 1 1 0 0 2 2 2 2 0 2 0 0 1 0 0 0 1 2 2 0 1 1 1 0 1 0 1 1 1]
[1 1 1 1 1 1 1 1 1 2 2 2 2 2 2 2 2 2 2 2 2 2 2 2 2 2 2 0 0 0 0 0 0 0 0 0]
war: 0.4838709677419355
uar: 0.42571548821548827
[0 0 1 0 0 0 0 2 0 0 0 0 2 2 0 2 2 0 1 1 0 1 0 0 1 0 1 0 0 0 0 0 2 0 2 0 0
 0 2 0 0 2 0 0 0]
[0 0 0 0 0 0 0 0 0 0 0 0 0 0 0 0 0 0 0 0 0 0 0 0 0 0 0 0 0 0 0 0 0 0 0 0 0
 0 0 0 0 0 0 0 0]
war: 0.5092592592592593
uar: 0.42957351290684626
[0 2 0 0 0 1 1 0 1]
[0 0 0 0 0 0 0 0 0]
war: 0.5105105105105106
uar: 0.42845117845117847
[1 0 0 0 0 0 2 0 0 0 0 0 0 2 0 0 0 0 1 0 0 0 0 0 1 0 1 0 0 0 0 0 0 0 0 0 0
 0 0 0 2 0 0 0 0 0 0 0 0 0 0 1 0 0 0 0 0 0 0 0 0 0 0 0 0 1 0 0 0 0 0 0 0 0
 0 0 0 0 0 0 0 0 0 0 1 0 0 0 0 0 0 0 0 0 2 0 0 0 1]
[1 1 1 1 1 1 1 1 1 1 1 1 1 1 1 1 1 1 0 0 0 0 0 0 0 0 0 1 1 1 1 1 1 1 1 1 0
 0 0 0 0 0 0 0 0 0 0 0 0 0 0 0 0 0 1 1 1 1 1 1 1 1 1 0 0 0 0 0 0 0 0 0 0 0
 0 0 0 0 0 0 0 1 1 1 1 1 1 1 1 1 0 0 0 0 0 0 0 0 0]
war: 0.5046296296296297
uar: 0.39621078509967406
[0 1 0 0 0 0 1 2 0]
[0 0 0 0 0 0 0 0 0]
war: 0.5079365079365079
uar: 0.39611956087051875
[0 0 0 0 0 0 1 0 0 0 0 0 2 0 0 0 0 0 2 0 0 0 0 0 0 0 0 0 0 0 0 1 0 0 0 0]
[0 0 0 0 0 0 0 0 0 0 0 0 0 0 0 0 0 0 0 0 0 0 0 0 0 0 0 0 0 0 0 0 0 0 0 0]
war: 0.5366876310272537
uar: 0.4047886270108492
[0 0 0 0 1 1 2 0 2 0 2 2 0 0 0 0 0 0 0 1 1 0 0 0 0 1 0 0 0 1 0 0 0 1 0 0 0
 0 0 0 0 2 0 2 0 0 1 1 1 0 0 2 0 0 0 0 0 0 0 2 0 0 0 0 1 0 1 1 2 1 0 0 0 0
 0 0 0 0 0 0 0 0 0 0 0 0 0 2 2 0 0 0 1 0 0 0 0 0 0]/home/viprlab/anaconda3/lib/python3.6/site-packages/keras/utils/conv_utils.py:82: FutureWarning: Using a non-tuple sequence for multidimensional indexing is deprecated; use `arr[tuple(seq)]` instead of `arr[seq]`. In the future this will be interpreted as an array index, `arr[np.array(seq)]`, which will result either in an error or a different result.
  return np.copy(kernel[slices])
/home/viprlab/anaconda3/lib/python3.6/site-packages/keras/utils/conv_utils.py:82: FutureWarning: Using a non-tuple sequence for multidimensional indexing is deprecated; use `arr[tuple(seq)]` instead of `arr[seq]`. In the future this will be interpreted as an array index, `arr[np.array(seq)]`, which will result either in an error or a different result.
  return np.copy(kernel[slices])
/home/viprlab/anaconda3/lib/python3.6/site-packages/keras/utils/conv_utils.py:82: FutureWarning: Using a non-tuple sequence for multidimensional indexing is deprecated; use `arr[tuple(seq)]` instead of `arr[seq]`. In the future this will be interpreted as an array index, `arr[np.array(seq)]`, which will result either in an error or a different result.
  return np.copy(kernel[slices])
/home/viprlab/anaconda3/lib/python3.6/site-packages/keras/utils/conv_utils.py:82: FutureWarning: Using a non-tuple sequence for multidimensional indexing is deprecated; use `arr[tuple(seq)]` instead of `arr[seq]`. In the future this will be interpreted as an array index, `arr[np.array(seq)]`, which will result either in an error or a different result.
  return np.copy(kernel[slices])
/home/viprlab/anaconda3/lib/python3.6/site-packages/keras/utils/conv_utils.py:82: FutureWarning: Using a non-tuple sequence for multidimensional indexing is deprecated; use `arr[tuple(seq)]` instead of `arr[seq]`. In the future this will be interpreted as an array index, `arr[np.array(seq)]`, which will result either in an error or a different result.
  return np.copy(kernel[slices])
/home/viprlab/anaconda3/lib/python3.6/site-packages/keras/utils/conv_utils.py:82: FutureWarning: Using a non-tuple sequence for multidimensional indexing is deprecated; use `arr[tuple(seq)]` instead of `arr[seq]`. In the future this will be interpreted as an array index, `arr[np.array(seq)]`, which will result either in an error or a different result.
  return np.copy(kernel[slices])
/home/viprlab/anaconda3/lib/python3.6/site-packages/keras/utils/conv_utils.py:82: FutureWarning: Using a non-tuple sequence for multidimensional indexing is deprecated; use `arr[tuple(seq)]` instead of `arr[seq]`. In the future this will be interpreted as an array index, `arr[np.array(seq)]`, which will result either in an error or a different result.
  return np.copy(kernel[slices])
/home/viprlab/anaconda3/lib/python3.6/site-packages/keras/utils/conv_utils.py:82: FutureWarning: Using a non-tuple sequence for multidimensional indexing is deprecated; use `arr[tuple(seq)]` instead of `arr[seq]`. In the future this will be interpreted as an array index, `arr[np.array(seq)]`, which will result either in an error or a different result.
  return np.copy(kernel[slices])
/home/viprlab/anaconda3/lib/python3.6/site-packages/keras/utils/conv_utils.py:82: FutureWarning: Using a non-tuple sequence for multidimensional indexing is deprecated; use `arr[tuple(seq)]` instead of `arr[seq]`. In the future this will be interpreted as an array index, `arr[np.array(seq)]`, which will result either in an error or a different result.
  return np.copy(kernel[slices])
/home/viprlab/anaconda3/lib/python3.6/site-packages/keras/utils/conv_utils.py:82: FutureWarning: Using a non-tuple sequence for multidimensional indexing is deprecated; use `arr[tuple(seq)]` instead of `arr[seq]`. In the future this will be interpreted as an array index, `arr[np.array(seq)]`, which will result either in an error or a different result.
  return np.copy(kernel[slices])
/home/viprlab/anaconda3/lib/python3.6/site-packages/keras/utils/conv_utils.py:82: FutureWarning: Using a non-tuple sequence for multidimensional indexing is deprecated; use `arr[tuple(seq)]` instead of `arr[seq]`. In the future this will be interpreted as an array index, `arr[np.array(seq)]`, which will result either in an error or a different result.
  return np.copy(kernel[slices])
/home/viprlab/anaconda3/lib/python3.6/site-packages/keras/utils/conv_utils.py:82: FutureWarning: Using a non-tuple sequence for multidimensional indexing is deprecated; use `arr[tuple(seq)]` instead of `arr[seq]`. In the future this will be interpreted as an array index, `arr[np.array(seq)]`, which will result either in an error or a different result.
  return np.copy(kernel[slices])
/home/viprlab/anaconda3/lib/python3.6/site-packages/keras/utils/conv_utils.py:82: FutureWarning: Using a non-tuple sequence for multidimensional indexing is deprecated; use `arr[tuple(seq)]` instead of `arr[seq]`. In the future this will be interpreted as an array index, `arr[np.array(seq)]`, which will result either in an error or a different result.
  return np.copy(kernel[slices])
/home/viprlab/anaconda3/lib/python3.6/site-packages/keras/utils/conv_utils.py:82: FutureWarning: Using a non-tuple sequence for multidimensional indexing is deprecated; use `arr[tuple(seq)]` instead of `arr[seq]`. In the future this will be interpreted as an array index, `arr[np.array(seq)]`, which will result either in an error or a different result.
  return np.copy(kernel[slices])
/home/viprlab/anaconda3/lib/python3.6/site-packages/keras/utils/conv_utils.py:82: FutureWarning: Using a non-tuple sequence for multidimensional indexing is deprecated; use `arr[tuple(seq)]` instead of `arr[seq]`. In the future this will be interpreted as an array index, `arr[np.array(seq)]`, which will result either in an error or a different result.
  return np.copy(kernel[slices])
/home/viprlab/anaconda3/lib/python3.6/site-packages/keras/utils/conv_utils.py:82: FutureWarning: Using a non-tuple sequence for multidimensional indexing is deprecated; use `arr[tuple(seq)]` instead of `arr[seq]`. In the future this will be interpreted as an array index, `arr[np.array(seq)]`, which will result either in an error or a different result.
  return np.copy(kernel[slices])
/home/viprlab/anaconda3/lib/python3.6/site-packages/keras/utils/conv_utils.py:82: FutureWarning: Using a non-tuple sequence for multidimensional indexing is deprecated; use `arr[tuple(seq)]` instead of `arr[seq]`. In the future this will be interpreted as an array index, `arr[np.array(seq)]`, which will result either in an error or a different result.
  return np.copy(kernel[slices])
/home/viprlab/anaconda3/lib/python3.6/site-packages/keras/utils/conv_utils.py:82: FutureWarning: Using a non-tuple sequence for multidimensional indexing is deprecated; use `arr[tuple(seq)]` instead of `arr[seq]`. In the future this will be interpreted as an array index, `arr[np.array(seq)]`, which will result either in an error or a different result.
  return np.copy(kernel[slices])
/home/viprlab/anaconda3/lib/python3.6/site-packages/keras/utils/conv_utils.py:82: FutureWarning: Using a non-tuple sequence for multidimensional indexing is deprecated; use `arr[tuple(seq)]` instead of `arr[seq]`. In the future this will be interpreted as an array index, `arr[np.array(seq)]`, which will result either in an error or a different result.
  return np.copy(kernel[slices])
/home/viprlab/anaconda3/lib/python3.6/site-packages/keras/utils/conv_utils.py:82: FutureWarning: Using a non-tuple sequence for multidimensional indexing is deprecated; use `arr[tuple(seq)]` instead of `arr[seq]`. In the future this will be interpreted as an array index, `arr[np.array(seq)]`, which will result either in an error or a different result.
  return np.copy(kernel[slices])
/home/viprlab/anaconda3/lib/python3.6/site-packages/keras/utils/conv_utils.py:82: FutureWarning: Using a non-tuple sequence for multidimensional indexing is deprecated; use `arr[tuple(seq)]` instead of `arr[seq]`. In the future this will be interpreted as an array index, `arr[np.array(seq)]`, which will result either in an error or a different result.
  return np.copy(kernel[slices])
/home/viprlab/anaconda3/lib/python3.6/site-packages/keras/utils/conv_utils.py:82: FutureWarning: Using a non-tuple sequence for multidimensional indexing is deprecated; use `arr[tuple(seq)]` instead of `arr[seq]`. In the future this will be interpreted as an array index, `arr[np.array(seq)]`, which will result either in an error or a different result.
  return np.copy(kernel[slices])
/home/viprlab/anaconda3/lib/python3.6/site-packages/keras/utils/conv_utils.py:82: FutureWarning: Using a non-tuple sequence for multidimensional indexing is deprecated; use `arr[tuple(seq)]` instead of `arr[seq]`. In the future this will be interpreted as an array index, `arr[np.array(seq)]`, which will result either in an error or a different result.
  return np.copy(kernel[slices])
/home/viprlab/anaconda3/lib/python3.6/site-packages/keras/utils/conv_utils.py:82: FutureWarning: Using a non-tuple sequence for multidimensional indexing is deprecated; use `arr[tuple(seq)]` instead of `arr[seq]`. In the future this will be interpreted as an array index, `arr[np.array(seq)]`, which will result either in an error or a different result.
  return np.copy(kernel[slices])
/home/viprlab/anaconda3/lib/python3.6/site-packages/keras/utils/conv_utils.py:82: FutureWarning: Using a non-tuple sequence for multidimensional indexing is deprecated; use `arr[tuple(seq)]` instead of `arr[seq]`. In the future this will be interpreted as an array index, `arr[np.array(seq)]`, which will result either in an error or a different result.
  return np.copy(kernel[slices])
/home/viprlab/anaconda3/lib/python3.6/site-packages/keras/utils/conv_utils.py:82: FutureWarning: Using a non-tuple sequence for multidimensional indexing is deprecated; use `arr[tuple(seq)]` instead of `arr[seq]`. In the future this will be interpreted as an array index, `arr[np.array(seq)]`, which will result either in an error or a different result.
  return np.copy(kernel[slices])
/home/viprlab/anaconda3/lib/python3.6/site-packages/keras/utils/conv_utils.py:82: FutureWarning: Using a non-tuple sequence for multidimensional indexing is deprecated; use `arr[tuple(seq)]` instead of `arr[seq]`. In the future this will be interpreted as an array index, `arr[np.array(seq)]`, which will result either in an error or a different result.
  return np.copy(kernel[slices])
/home/viprlab/anaconda3/lib/python3.6/site-packages/keras/utils/conv_utils.py:82: FutureWarning: Using a non-tuple sequence for multidimensional indexing is deprecated; use `arr[tuple(seq)]` instead of `arr[seq]`. In the future this will be interpreted as an array index, `arr[np.array(seq)]`, which will result either in an error or a different result.
  return np.copy(kernel[slices])
/home/viprlab/anaconda3/lib/python3.6/site-packages/keras/utils/conv_utils.py:82: FutureWarning: Using a non-tuple sequence for multidimensional indexing is deprecated; use `arr[tuple(seq)]` instead of `arr[seq]`. In the future this will be interpreted as an array index, `arr[np.array(seq)]`, which will result either in an error or a different result.
  return np.copy(kernel[slices])
/home/viprlab/anaconda3/lib/python3.6/site-packages/keras/utils/conv_utils.py:82: FutureWarning: Using a non-tuple sequence for multidimensional indexing is deprecated; use `arr[tuple(seq)]` instead of `arr[seq]`. In the future this will be interpreted as an array index, `arr[np.array(seq)]`, which will result either in an error or a different result.
  return np.copy(kernel[slices])
/home/viprlab/anaconda3/lib/python3.6/site-packages/keras/utils/conv_utils.py:82: FutureWarning: Using a non-tuple sequence for multidimensional indexing is deprecated; use `arr[tuple(seq)]` instead of `arr[seq]`. In the future this will be interpreted as an array index, `arr[np.array(seq)]`, which will result either in an error or a different result.
  return np.copy(kernel[slices])
/home/viprlab/anaconda3/lib/python3.6/site-packages/keras/utils/conv_utils.py:82: FutureWarning: Using a non-tuple sequence for multidimensional indexing is deprecated; use `arr[tuple(seq)]` instead of `arr[seq]`. In the future this will be interpreted as an array index, `arr[np.array(seq)]`, which will result either in an error or a different result.
  return np.copy(kernel[slices])
/home/viprlab/anaconda3/lib/python3.6/site-packages/keras/utils/conv_utils.py:82: FutureWarning: Using a non-tuple sequence for multidimensional indexing is deprecated; use `arr[tuple(seq)]` instead of `arr[seq]`. In the future this will be interpreted as an array index, `arr[np.array(seq)]`, which will result either in an error or a different result.
  return np.copy(kernel[slices])
/home/viprlab/anaconda3/lib/python3.6/site-packages/keras/utils/conv_utils.py:82: FutureWarning: Using a non-tuple sequence for multidimensional indexing is deprecated; use `arr[tuple(seq)]` instead of `arr[seq]`. In the future this will be interpreted as an array index, `arr[np.array(seq)]`, which will result either in an error or a different result.
  return np.copy(kernel[slices])
/home/viprlab/anaconda3/lib/python3.6/site-packages/keras/utils/conv_utils.py:82: FutureWarning: Using a non-tuple sequence for multidimensional indexing is deprecated; use `arr[tuple(seq)]` instead of `arr[seq]`. In the future this will be interpreted as an array index, `arr[np.array(seq)]`, which will result either in an error or a different result.
  return np.copy(kernel[slices])
/home/viprlab/anaconda3/lib/python3.6/site-packages/keras/utils/conv_utils.py:82: FutureWarning: Using a non-tuple sequence for multidimensional indexing is deprecated; use `arr[tuple(seq)]` instead of `arr[seq]`. In the future this will be interpreted as an array index, `arr[np.array(seq)]`, which will result either in an error or a different result.
  return np.copy(kernel[slices])
/home/viprlab/anaconda3/lib/python3.6/site-packages/keras/utils/conv_utils.py:82: FutureWarning: Using a non-tuple sequence for multidimensional indexing is deprecated; use `arr[tuple(seq)]` instead of `arr[seq]`. In the future this will be interpreted as an array index, `arr[np.array(seq)]`, which will result either in an error or a different result.
  return np.copy(kernel[slices])
/home/viprlab/anaconda3/lib/python3.6/site-packages/keras/utils/conv_utils.py:82: FutureWarning: Using a non-tuple sequence for multidimensional indexing is deprecated; use `arr[tuple(seq)]` instead of `arr[seq]`. In the future this will be interpreted as an array index, `arr[np.array(seq)]`, which will result either in an error or a different result.
  return np.copy(kernel[slices])
/home/viprlab/anaconda3/lib/python3.6/site-packages/keras/utils/conv_utils.py:82: FutureWarning: Using a non-tuple sequence for multidimensional indexing is deprecated; use `arr[tuple(seq)]` instead of `arr[seq]`. In the future this will be interpreted as an array index, `arr[np.array(seq)]`, which will result either in an error or a different result.
  return np.copy(kernel[slices])
/home/viprlab/anaconda3/lib/python3.6/site-packages/keras/utils/conv_utils.py:82: FutureWarning: Using a non-tuple sequence for multidimensional indexing is deprecated; use `arr[tuple(seq)]` instead of `arr[seq]`. In the future this will be interpreted as an array index, `arr[np.array(seq)]`, which will result either in an error or a different result.
  return np.copy(kernel[slices])
/home/viprlab/anaconda3/lib/python3.6/site-packages/keras/utils/conv_utils.py:82: FutureWarning: Using a non-tuple sequence for multidimensional indexing is deprecated; use `arr[tuple(seq)]` instead of `arr[seq]`. In the future this will be interpreted as an array index, `arr[np.array(seq)]`, which will result either in an error or a different result.
  return np.copy(kernel[slices])
/home/viprlab/anaconda3/lib/python3.6/site-packages/keras/utils/conv_utils.py:82: FutureWarning: Using a non-tuple sequence for multidimensional indexing is deprecated; use `arr[tuple(seq)]` instead of `arr[seq]`. In the future this will be interpreted as an array index, `arr[np.array(seq)]`, which will result either in an error or a different result.
  return np.copy(kernel[slices])
/home/viprlab/anaconda3/lib/python3.6/site-packages/keras/utils/conv_utils.py:82: FutureWarning: Using a non-tuple sequence for multidimensional indexing is deprecated; use `arr[tuple(seq)]` instead of `arr[seq]`. In the future this will be interpreted as an array index, `arr[np.array(seq)]`, which will result either in an error or a different result.
  return np.copy(kernel[slices])
/home/viprlab/anaconda3/lib/python3.6/site-packages/keras/utils/conv_utils.py:82: FutureWarning: Using a non-tuple sequence for multidimensional indexing is deprecated; use `arr[tuple(seq)]` instead of `arr[seq]`. In the future this will be interpreted as an array index, `arr[np.array(seq)]`, which will result either in an error or a different result.
  return np.copy(kernel[slices])

[0 0 0 0 0 0 0 0 0 2 2 2 2 2 2 2 2 2 1 1 1 1 1 1 1 1 1 0 0 0 0 0 0 0 0 0 2
 2 2 2 2 2 2 2 2 2 2 2 2 2 2 2 2 2 2 2 2 2 2 2 2 2 2 1 1 1 1 1 1 1 1 1 0 0
 0 0 0 0 0 0 0 0 0 0 0 0 0 0 0 0 0 0 0 0 0 0 0 0 0]
war: 0.5295138888888888
uar: 0.4063913993738555
[1 1 0 0 0 1 1 0 0 2 1 2 1 2 2 2 0 1]
[1 1 1 1 1 1 1 1 1 1 1 1 1 1 1 1 1 1]
war: 0.5252525252525253
uar: 0.4159744089568651
[1 2 0 0 0 0 1 1 0 1 0 0 1 0 2 0 0 0 0 0 0 1 0 0 0 1 1]
[1 1 1 1 1 1 1 1 1 1 1 1 1 1 1 1 1 1 1 1 1 1 1 1 1 1 1]
war: 0.5152979066022544
uar: 0.42006985055230667
[0 1 0 0 0 0 0 1 1 0 0 1 0 1 0 1 1 0 0 0 1 0 0 2 0 0 0]
[1 1 1 1 1 1 1 1 1 2 2 2 2 2 2 2 2 2 0 0 0 0 0 0 0 0 0]
war: 0.5092592592592593
uar: 0.4160626501312776
[0 1 2 0 1 1 0 0 1 1 0 1 0 0 0 0 1 0 0 0 0 0 0 0 1 0 1]
[1 1 1 1 1 1 1 1 1 0 0 0 0 0 0 0 0 0 1 1 1 1 1 1 1 1 1]
war: 0.5066666666666667
uar: 0.418640350877193
[0 0 0 2 0 1 0 0 2 0 0 0 2 2 0 0 0 0 0 0 0 0 0 0 0 0 0 0 0 0 1 0 0 0 1 0 0
 0 0 0 0 0 0 0 0 0 0 0 0 0 0 0 0 0 2 1 0 0 0 0 0 0 0 0 0 2 0 0 0 0 0 0 2 0
 2 0 1 0 0 0 0 0 0 0 2 2 0 0 2 2 0 0 0 0 0 0 0 0 0 0 2 0 0 0 0 0 0 0 0 0 0
 0 0 0 0 0 0 0 0 0 2 2 0 0 0 2 0 0 0 0 0 0 0 1 1 1 0 0 0 0 0 0 0 0 0 0 0 0
 0 0 0 0 0 0 1 0 0 0 0 0 0 0 0 0 2 0 0 0 0 0 2 0 0 0 0 0 0 2 0 0 0 0 0 0 2
 0 0 0 0 0 2 0 0 0 0 2 2 2 0 0 0 0 0 0 0 0 0 2 0 0 0 2 0 2 0 0 0 1 0 0 0 0
 0 1 0 2 0 0 0 0 0 0 0 0 0 2 0 2 2 0 0 0 0 0 0 0 0 1 2 0 0 0 0 0 0 2 0 2 2
 0 0 2 0 0 0 2 0 0 0 0 0 0 1 0 1 0 0 2 0 0 0 0 0 2 0 0 0 0 0 0 0 1 0 0 0 0
 1]
[1 1 1 1 1 1 1 1 1 2 2 2 2 2 2 2 2 2 1 1 1 1 1 1 1 1 1 0 0 0 0 0 0 0 0 0 0
 0 0 0 0 0 0 0 0 0 0 0 0 0 0 0 0 0 0 0 0 0 0 0 0 0 0 0 0 0 0 0 0 0 0 0 1 1
 1 1 1 1 1 1 1 1 1 1 1 1 1 1 1 1 1 1 1 1 1 1 1 1 1 0 0 0 0 0 0 0 0 0 0 0 0
 0 0 0 0 0 0 0 0 0 0 0 0 0 0 0 0 0 0 0 0 0 0 0 0 0 0 0 0 0 0 0 0 0 1 1 1 1
 1 1 1 1 1 0 0 0 0 0 0 0 0 0 0 0 0 0 0 0 0 0 0 0 0 0 0 0 0 0 0 0 0 0 0 0 0
 0 0 0 0 0 0 0 0 0 0 0 0 0 0 0 0 0 0 0 0 0 0 0 0 0 0 0 0 0 0 0 0 0 0 0 0 0
 0 0 0 0 0 0 0 0 0 0 0 0 0 0 0 0 0 0 0 0 0 1 1 1 1 1 1 1 1 1 0 0 0 0 0 0 0
 0 0 0 0 0 0 0 0 0 0 0 0 0 0 0 0 0 0 0 0 0 0 0 0 0 0 0 0 0 0 0 0 0 0 0 0 0
 0]
war: 0.5462962962962963
uar: 0.41191553544494725
[0 1 0 0 1 0 0 0 1 1 1 1 1 1 2 1 1 1 1 0 0 0 0 2 0 1 0 0 0 0 0 2 0 1 1 0 1
 1 0 0 1 1 0 2 0 2 0 0 0 2 0 2 2 2 0 0 1 0 0 0 0 0 0 2 2 2 1 2 2 2 2 2 0 0
 0 0 1 1 2 0 0 0 0 0 0 2 2 2 0 2 1 0 0 0 0 0 0 0 2 0 0 0 0 2 0 0 0 0]
[1 1 1 1 1 1 1 1 1 1 1 1 1 1 1 1 1 1 2 2 2 2 2 2 2 2 2 2 2 2 2 2 2 2 2 2 1
 1 1 1 1 1 1 1 1 2 2 2 2 2 2 2 2 2 0 0 0 0 0 0 0 0 0 0 0 0 0 0 0 0 0 0 0 0
 0 0 0 0 0 0 0 2 2 2 2 2 2 2 2 2 2 2 2 2 2 2 2 2 2 0 0 0 0 0 0 0 0 0]
war: 0.5370370370370371
uar: 0.42029910970440704
[0 1 0 0 0 0 2 1 1 2 0 0 0 0 0 0 1 1]
[0 0 0 0 0 0 0 0 0 0 0 0 0 0 0 0 0 0]
war: 0.5382513661202186
uar: 0.41903656935225664
[1 1 0 0 0 0 0 1 0]
[0 0 0 0 0 0 0 0 0]
war: 0.5392953929539296
uar: 0.418688803746275
[0 1 0 0 0 0 1 1 1 1 0 0 0 0 1 1 1 1]
[0 0 0 0 0 0 0 0 0 0 0 0 0 0 0 0 0 0]
war: 0.5386666666666666
uar: 0.41651996824410614
[0 0 0 1 1 1 0 0 0 0 0 1 0 1 1 0 0 0 0 0 0 0 0 0 0 0 0 0 0 0 1 0 0 0 0 0 0
 0 0 0 0 0 2 0 0 0 0 0 0 0 0 0 0 0 0 0 0 1 0 0 1 1 0 1 0 0 1 0 2 1 1 0]
[1 1 1 1 1 1 1 1 1 0 0 0 0 0 0 0 0 0 0 0 0 0 0 0 0 0 0 0 0 0 0 0 0 0 0 0 0
 0 0 0 0 0 0 0 0 0 0 0 0 0 0 0 0 0 0 0 0 0 0 0 0 0 0 0 0 0 0 0 0 0 0 0]
war: 0.5505430242272348
uar: 0.4192958390489254
[0 0 0 0 2 0 0 0 0 0 0 1 0 0 0 0 0 0 2 0 1 0 1 0 2 0 1 0 0 0 0 0 0 0 0 0 0
 2 2 2 0 0 0 2 0 0 0 0 0 0 2 0 2 0]
[0 0 0 0 0 0 0 0 0 0 0 0 0 0 0 0 0 0 0 0 0 0 0 0 0 0 0 0 0 0 0 0 0 0 0 0 0
 0 0 0 0 0 0 0 0 2 2 2 2 2 2 2 2 2]
war: 0.5555555555555556
uar: 0.41880437903356676
[0 2 0 2 2 0 0 2 0 1 1 0 0 0 2 0 0 0 0 0 0 2 2 0 1 2 0 0 0 0 0 0 0 0 0 1 0
 1 0 2 2 0 0 2 0]
[0 0 0 0 0 0 0 0 0 0 0 0 0 0 0 0 0 0 2 2 2 2 2 2 2 2 2 2 2 2 2 2 2 2 2 2 0
 0 0 0 0 0 0 0 0]
war: 0.5509259259259259
uar: 0.41424608128727974
[0 0 0 0 0 0 0 1 0 0 2 0 0 0 0 0 0 0 0 2 0 0 0 0 1 1 1 1 1 1 1 0 0 0 1 1 0
 1 0 0 0 0 0 0 0 0 0 2 0 0 0 0 2 0 0 0 0 1 0 0 0 0 0 0 0 0 0 0 0 0 0 0 0 0
 0 0 0 0 0 0 2 0 0 0 0 0 0 0 0 0 0 2 0 0 0 0 1 0 0 0 0 2 0 0 0 2 0 0]
[1 1 1 1 1 1 1 1 1 0 0 0 0 0 0 0 0 0 0 0 0 0 0 0 0 0 0 1 1 1 1 1 1 1 1 1 0
 0 0 0 0 0 0 0 0 0 0 0 0 0 0 0 0 0 0 0 0 0 0 0 0 0 0 0 0 0 0 0 0 0 0 0 0 0
 0 0 0 0 0 0 0 0 0 0 0 0 0 0 0 0 0 0 0 0 0 0 0 0 0 0 0 0 0 0 0 0 0 0]
war: 0.5676638176638177
uar: 0.42100635989524876
25
[1 1 0 0 1 2 1 1 2 2 1 2 0 0 2 2 0 0 0 1 1 0 1 2 0 0 0]
[1 1 1 1 1 1 1 1 1 0 0 0 0 0 0 0 0 0 0 0 0 0 0 0 0 0 0]
war: 0.5185185185185185
uar: nan
[1 0 0 2 0 1 1 1 1 1 0 0 0 0 0 0 0 1 0 0 0 0 0 0 0 0 1 0 0 0 0 1 1 0 0 0 0
 2 0 1 0 1 0 0 0 1 1 1 1 0 0 1 0 0 0 2 2 0 0 2 0 0 2 1 0 2 2 2 0 2 0 2 0 1
 2 0 0 0 0 0 0]
[0 0 0 0 0 0 0 0 0 0 0 0 0 0 0 0 0 0 0 0 0 0 0 0 0 0 0 0 0 0 0 0 0 0 0 0 0
 0 0 0 0 0 0 0 0 1 1 1 1 1 1 1 1 1 2 2 2 2 2 2 2 2 2 2 2 2 2 2 2 2 2 2 2 2
 2 2 2 2 2 2 2]
war: 0.5555555555555556
uar: 0.5202821869488536
[0 2 2 2 0 0 0 0 0 0 0 0 1 0 0 0 0 0 0 0 0 0 0 0 0 0 0 0 0 0 0 0 0 0 0 0 0
 0 0 0 2 0 0 0 0]
[2 2 2 2 2 2 2 2 2 0 0 0 0 0 0 0 0 0 0 0 0 0 0 0 0 0 0 0 0 0 0 0 0 0 0 0 0
 0 0 0 0 0 0 0 0]
war: 0.6339869281045751
uar: 0.5547138047138048
[1 1 0 0 1 1 0 0 1 1 1 0 1 0 1 1 1 1 1 0 0 0 0 0 0 0 1]
[0 0 0 0 0 0 0 0 0 0 0 0 0 0 0 0 0 0 0 0 0 0 0 0 0 0 0]
war: 0.6111111111111112
uar: 0.5357142857142857
[2 2 2 2 2 2 2 0 0 1 1 1 0 1 0 2 1 0 2 2 2 0 0 0 0 0 2 2 2 2 2 2 2 0 2 2 0
 0 2 2 2 0 0 1 2 0 0 2 2 1 2 1 1 1 1 0 0 0 0 0 0 0 0]
[2 2 2 2 2 2 2 2 2 1 1 1 1 1 1 1 1 1 2 2 2 2 2 2 2 2 2 2 2 2 2 2 2 2 2 2 2
 2 2 2 2 2 2 2 2 0 0 0 0 0 0 0 0 0 2 2 2 2 2 2 2 2 2]
war: 0.5761316872427984
uar: 0.5530864197530864
[0 0 1 1 1 0 1 1 0 0 0 1 2 2 2 2 2 2 0 2 0 0 1 0 0 2 0 0 1 0 0 0 1 0 2 1]
[1 1 1 1 1 1 1 1 1 2 2 2 2 2 2 2 2 2 2 2 2 2 2 2 2 2 2 0 0 0 0 0 0 0 0 0]
war: 0.5663082437275986
uar: 0.5509259259259259
[2 0 2 1 0 0 0 0 0 0 0 0 0 0 1 0 1 2 0 0 0 0 0 0 0 0 0 2 0 0 2 0 1 2 0 0 0
 0 0 1 0 0 0 0 1]
[0 0 0 0 0 0 0 0 0 0 0 0 0 0 0 0 0 0 0 0 0 0 0 0 0 0 0 0 0 0 0 0 0 0 0 0 0
 0 0 0 0 0 0 0 0]
war: 0.5895061728395061
uar: 0.5573192239858906
[0 0 0 0 0 0 0 0 1]
[0 0 0 0 0 0 0 0 0]
war: 0.5975975975975976
uar: 0.5606060606060607
[0 1 0 0 0 1 1 0 0 0 0 0 0 0 0 0 0 1 0 0 0 0 0 1 0 0 0 1 0 1 0 0 1 0 1 0 0
 0 0 0 0 0 0 2 0 0 0 0 0 1 0 1 0 1 1 0 0 0 0 0 0 1 1 0 0 1 0 0 2 0 0 0 0 0
 0 2 0 0 0 0 0 0 0 1 0 0 0 0 0 0 0 2 0 0 0 1 0 0 1]
[1 1 1 1 1 1 1 1 1 1 1 1 1 1 1 1 1 1 0 0 0 0 0 0 0 0 0 1 1 1 1 1 1 1 1 1 0
 0 0 0 0 0 0 0 0 0 0 0 0 0 0 0 0 0 1 1 1 1 1 1 1 1 1 0 0 0 0 0 0 0 0 0 0 0
 0 0 0 0 0 0 0 1 1 1 1 1 1 1 1 1 0 0 0 0 0 0 0 0 0]
war: 0.5879629629629629
uar: 0.5152851263962376
[0 1 1 1 0 1 0 0 0]
[0 0 0 0 0 0 0 0 0]
war: 0.5873015873015873
uar: 0.5135518660422875
[0 0 0 0 2 0 0 0 2 1 0 0 0 1 0 1 1 0 1 1 0 0 0 0 0 0 0 1 0 1 0 1 0 0 0 1]
[0 0 0 0 0 0 0 0 0 0 0 0 0 0 0 0 0 0 0 0 0 0 0 0 0 0 0 0 0 0 0 0 0 0 0 0]
war: 0.5932914046121593
uar: 0.5121586232697344
[0 0 0 0 0 0 1 0 0 1 2 0 0 0 0 0 2 0 0 1 1 1 1 1 0 1 0 1 1 0 0 0 0 0 0 1 0
 1 0 0 2 0 0 0 0 0 2 2 0 0 0 2 0 0 0 0 2 0 2 0 2 0 0 0 0 1 1 0 2 2 0 1 0 0
 0 0 1 1 2 0 0 0 2 0 0 2 2 0 2 0 0 1 1 0 0 0 0 0 2]
[0 0 0 0 0 0 0 0 0 2 2 2 2 2 2 2 2 2 1 1 1 1 1 1 1 1 1 0 0 0 0 0 0 0 0 0 2
 2 2 2 2 2 2 2 2 2 2 2 2 2 2 2 2 2 2 2 2 2 2 2 2 2 2 1 1 1 1 1 1 1 1 1 0 0
 0 0 0 0 0 0 0 0 0 0 0 0 0 0 0 0 0 0 0 0 0 0 0 0 0]
war: 0.5763888888888888
uar: 0.5008801464941816
[0 1 0 0 0 1 1 1 1 0 0 1 0 0 2 2 0 1]
[1 1 1 1 1 1 1 1 1 1 1 1 1 1 1 1 1 1]
war: 0.5707070707070707
uar: 0.49958514519918035
[0 1 0 0 1 0 0 0 1 0 0 0 0 0 1 1 1 1 0 0 0 0 1 1 0 1 1]
[1 1 1 1 1 1 1 1 1 1 1 1 1 1 1 1 1 1 1 1 1 1 1 1 1 1 1]
war: 0.5636070853462157
uar: 0.4994070825211176
[1 0 1 0 0 0 1 1 0 0 0 1 0 2 1 0 0 0 0 0 0 0 0 0 0 0 0]
[1 1 1 1 1 1 1 1 1 2 2 2 2 2 2 2 2 2 0 0 0 0 0 0 0 0 0]
war: 0.5617283950617284
uar: 0.49682280319535216
[0 0 0 0 0 2 0 1 0 2 1 1 2 0 0 2 1 2 2 0 2 2 2 1 2 1 2]
[1 1 1 1 1 1 1 1 1 0 0 0 0 0 0 0 0 0 1 1 1 1 1 1 1 1 1]
war: 0.5466666666666666
uar: 0.4842105263157895
[2 1 2 0 0 0 0 0 0 2 0 0 0 0 0 0 2 2 0 1 0 0 0 0 0 0 0 0 1 0 0 1 0 0 1 0 0
 0 0 0 0 0 0 0 0 0 0 0 0 0 0 2 0 0 0 0 0 0 0 0 0 1 0 0 0 0 0 0 0 0 2 2 2 0
 0 2 1 0 0 0 2 2 0 0 0 0 0 0 0 0 0 0 0 1 0 0 0 0 0 0 0 2 2 2 0 0 0 0 0 0 0
 0 0 1 0 0 1 1 0 0 0 2 0 2 0 2 0 0 0 0 0 0 0 0 1 0 1 1 0 0 0 0 0 0 0 0 1 0
 0 0 0 0 0 0 0 0 0 0 0 0 0 2 0 0 0 0 0 0 0 1 0 0 0 0 1 1 0 0 0 0 0 0 0 0 0
 0 0 0 2 0 0 0 0 0 0 0 2 2 0 0 0 0 0 0 0 0 0 2 0 2 0 0 2 0 0 0 0 0 0 0 0 0
 1 0 0 0 0 0 0 0 0 1 0 0 0 0 2 2 0 0 0 1 0 0 0 2 0 2 0 0 0 0 2 0 0 0 0 0 0
 0 2 2 0 0 0 0 0 0 0 0 2 1 0 0 1 0 0 2 0 0 2 2 0 0 0 0 0 0 0 0 1 1 0 0 1 0
 0]/home/viprlab/anaconda3/lib/python3.6/site-packages/keras/utils/conv_utils.py:82: FutureWarning: Using a non-tuple sequence for multidimensional indexing is deprecated; use `arr[tuple(seq)]` instead of `arr[seq]`. In the future this will be interpreted as an array index, `arr[np.array(seq)]`, which will result either in an error or a different result.
  return np.copy(kernel[slices])
/home/viprlab/anaconda3/lib/python3.6/site-packages/keras/utils/conv_utils.py:82: FutureWarning: Using a non-tuple sequence for multidimensional indexing is deprecated; use `arr[tuple(seq)]` instead of `arr[seq]`. In the future this will be interpreted as an array index, `arr[np.array(seq)]`, which will result either in an error or a different result.
  return np.copy(kernel[slices])
/home/viprlab/anaconda3/lib/python3.6/site-packages/keras/utils/conv_utils.py:82: FutureWarning: Using a non-tuple sequence for multidimensional indexing is deprecated; use `arr[tuple(seq)]` instead of `arr[seq]`. In the future this will be interpreted as an array index, `arr[np.array(seq)]`, which will result either in an error or a different result.
  return np.copy(kernel[slices])
/home/viprlab/anaconda3/lib/python3.6/site-packages/keras/utils/conv_utils.py:82: FutureWarning: Using a non-tuple sequence for multidimensional indexing is deprecated; use `arr[tuple(seq)]` instead of `arr[seq]`. In the future this will be interpreted as an array index, `arr[np.array(seq)]`, which will result either in an error or a different result.
  return np.copy(kernel[slices])
/home/viprlab/anaconda3/lib/python3.6/site-packages/keras/utils/conv_utils.py:82: FutureWarning: Using a non-tuple sequence for multidimensional indexing is deprecated; use `arr[tuple(seq)]` instead of `arr[seq]`. In the future this will be interpreted as an array index, `arr[np.array(seq)]`, which will result either in an error or a different result.
  return np.copy(kernel[slices])
/home/viprlab/anaconda3/lib/python3.6/site-packages/keras/utils/conv_utils.py:82: FutureWarning: Using a non-tuple sequence for multidimensional indexing is deprecated; use `arr[tuple(seq)]` instead of `arr[seq]`. In the future this will be interpreted as an array index, `arr[np.array(seq)]`, which will result either in an error or a different result.
  return np.copy(kernel[slices])
/home/viprlab/anaconda3/lib/python3.6/site-packages/keras/utils/conv_utils.py:82: FutureWarning: Using a non-tuple sequence for multidimensional indexing is deprecated; use `arr[tuple(seq)]` instead of `arr[seq]`. In the future this will be interpreted as an array index, `arr[np.array(seq)]`, which will result either in an error or a different result.
  return np.copy(kernel[slices])
/home/viprlab/anaconda3/lib/python3.6/site-packages/keras/utils/conv_utils.py:82: FutureWarning: Using a non-tuple sequence for multidimensional indexing is deprecated; use `arr[tuple(seq)]` instead of `arr[seq]`. In the future this will be interpreted as an array index, `arr[np.array(seq)]`, which will result either in an error or a different result.
  return np.copy(kernel[slices])
/home/viprlab/anaconda3/lib/python3.6/site-packages/keras/utils/conv_utils.py:82: FutureWarning: Using a non-tuple sequence for multidimensional indexing is deprecated; use `arr[tuple(seq)]` instead of `arr[seq]`. In the future this will be interpreted as an array index, `arr[np.array(seq)]`, which will result either in an error or a different result.
  return np.copy(kernel[slices])
/home/viprlab/anaconda3/lib/python3.6/site-packages/keras/utils/conv_utils.py:82: FutureWarning: Using a non-tuple sequence for multidimensional indexing is deprecated; use `arr[tuple(seq)]` instead of `arr[seq]`. In the future this will be interpreted as an array index, `arr[np.array(seq)]`, which will result either in an error or a different result.
  return np.copy(kernel[slices])
/home/viprlab/anaconda3/lib/python3.6/site-packages/keras/utils/conv_utils.py:82: FutureWarning: Using a non-tuple sequence for multidimensional indexing is deprecated; use `arr[tuple(seq)]` instead of `arr[seq]`. In the future this will be interpreted as an array index, `arr[np.array(seq)]`, which will result either in an error or a different result.
  return np.copy(kernel[slices])
/home/viprlab/anaconda3/lib/python3.6/site-packages/keras/utils/conv_utils.py:82: FutureWarning: Using a non-tuple sequence for multidimensional indexing is deprecated; use `arr[tuple(seq)]` instead of `arr[seq]`. In the future this will be interpreted as an array index, `arr[np.array(seq)]`, which will result either in an error or a different result.
  return np.copy(kernel[slices])
/home/viprlab/anaconda3/lib/python3.6/site-packages/keras/utils/conv_utils.py:82: FutureWarning: Using a non-tuple sequence for multidimensional indexing is deprecated; use `arr[tuple(seq)]` instead of `arr[seq]`. In the future this will be interpreted as an array index, `arr[np.array(seq)]`, which will result either in an error or a different result.
  return np.copy(kernel[slices])

[1 1 1 1 1 1 1 1 1 2 2 2 2 2 2 2 2 2 1 1 1 1 1 1 1 1 1 0 0 0 0 0 0 0 0 0 0
 0 0 0 0 0 0 0 0 0 0 0 0 0 0 0 0 0 0 0 0 0 0 0 0 0 0 0 0 0 0 0 0 0 0 0 1 1
 1 1 1 1 1 1 1 1 1 1 1 1 1 1 1 1 1 1 1 1 1 1 1 1 1 0 0 0 0 0 0 0 0 0 0 0 0
 0 0 0 0 0 0 0 0 0 0 0 0 0 0 0 0 0 0 0 0 0 0 0 0 0 0 0 0 0 0 0 0 0 1 1 1 1
 1 1 1 1 1 0 0 0 0 0 0 0 0 0 0 0 0 0 0 0 0 0 0 0 0 0 0 0 0 0 0 0 0 0 0 0 0
 0 0 0 0 0 0 0 0 0 0 0 0 0 0 0 0 0 0 0 0 0 0 0 0 0 0 0 0 0 0 0 0 0 0 0 0 0
 0 0 0 0 0 0 0 0 0 0 0 0 0 0 0 0 0 0 0 0 0 1 1 1 1 1 1 1 1 1 0 0 0 0 0 0 0
 0 0 0 0 0 0 0 0 0 0 0 0 0 0 0 0 0 0 0 0 0 0 0 0 0 0 0 0 0 0 0 0 0 0 0 0 0
 0]
war: 0.5720164609053497
uar: 0.4691972515501927
[0 1 1 0 0 1 1 1 1 1 1 1 1 1 2 1 0 0 2 0 0 2 1 2 0 0 0 2 0 2 2 2 0 1 2 1 0
 0 0 1 1 1 0 0 0 1 0 0 2 0 2 0 0 0 1 0 2 1 2 0 2 0 2 0 0 0 0 0 2 2 0 2 0 0
 0 0 2 0 0 0 0 2 2 0 2 0 2 0 2 0 2 0 0 2 0 0 2 0 2 1 0 2 0 2 2 1 0 0]
[1 1 1 1 1 1 1 1 1 1 1 1 1 1 1 1 1 1 2 2 2 2 2 2 2 2 2 2 2 2 2 2 2 2 2 2 1
 1 1 1 1 1 1 1 1 2 2 2 2 2 2 2 2 2 0 0 0 0 0 0 0 0 0 0 0 0 0 0 0 0 0 0 0 0
 0 0 0 0 0 0 0 2 2 2 2 2 2 2 2 2 2 2 2 2 2 2 2 2 2 0 0 0 0 0 0 0 0 0]
war: 0.5657407407407408
uar: 0.47878922491616144
[0 0 2 0 0 0 0 0 1 0 2 0 0 0 0 0 0 0]
[0 0 0 0 0 0 0 0 0 0 0 0 0 0 0 0 0 0]
war: 0.5701275045537341
uar: 0.479824961612237
[1 0 1 1 1 0 0 1 1]
[0 0 0 0 0 0 0 0 0]
war: 0.5682023486901535
uar: 0.478006437297625
[0 0 0 0 0 0 1 1 0 0 0 0 0 0 0 0 1 0]
[0 0 0 0 0 0 0 0 0 0 0 0 0 0 0 0 0 0]
war: 0.5724444444444444
uar: 0.47902134109030664
[0 0 0 0 0 0 1 0 0 1 0 0 0 2 2 0 1 0 1 1 0 0 0 0 0 1 1 1 0 1 0 0 0 0 0 0 0
 0 0 1 2 2 0 2 0 0 0 0 0 0 0 2 2 2 0 0 0 0 0 0 0 0 0 1 0 1 1 0 1 0 1 1]
[1 1 1 1 1 1 1 1 1 0 0 0 0 0 0 0 0 0 0 0 0 0 0 0 0 0 0 0 0 0 0 0 0 0 0 0 0
 0 0 0 0 0 0 0 0 0 0 0 0 0 0 0 0 0 0 0 0 0 0 0 0 0 0 0 0 0 0 0 0 0 0 0]
war: 0.5722639933166249
uar: 0.47403666292555185
[1 1 0 1 1 0 1 0 1 2 0 0 0 0 1 2 0 2 1 0 0 1 1 0 2 0 2 1 2 2 0 0 2 2 0 2 0
 2 2 2 0 0 0 0 0 0 0 0 0 0 0 0 2 0]
[0 0 0 0 0 0 0 0 0 0 0 0 0 0 0 0 0 0 0 0 0 0 0 0 0 0 0 0 0 0 0 0 0 0 0 0 0
 0 0 0 0 0 0 0 0 2 2 2 2 2 2 2 2 2]
war: 0.5651478816946442
uar: 0.4652510953825413
[2 0 0 0 0 2 0 2 0 0 1 0 0 0 0 1 0 0 0 0 0 0 2 0 2 0 0 0 0 0 0 0 0 2 0 0 2
 0 0 1 0 0 0 0 0]
[0 0 0 0 0 0 0 0 0 0 0 0 0 0 0 0 0 0 2 2 2 2 2 2 2 2 2 2 2 2 2 2 2 2 2 2 0
 0 0 0 0 0 0 0 0]
war: 0.5632716049382716
uar: 0.46021639617145244
[0 0 0 1 1 1 0 1 1 0 0 0 0 2 0 0 0 0 2 2 0 2 1 0 0 1 0 1 1 0 2 0 1 1 0 1 1
 0 0 1 0 1 0 1 0 0 0 2 0 2 0 0 2 0 1 0 0 1 0 0 0 0 0 2 0 0 2 0 0 2 2 0 0 0
 0 0 2 0 0 0 0 0 0 0 0 0 0 0 0 0 0 0 0 1 0 1 0 2 0 0 0 0 0 0 0 2 0 0]
[1 1 1 1 1 1 1 1 1 0 0 0 0 0 0 0 0 0 0 0 0 0 0 0 0 0 0 1 1 1 1 1 1 1 1 1 0
 0 0 0 0 0 0 0 0 0 0 0 0 0 0 0 0 0 0 0 0 0 0 0 0 0 0 0 0 0 0 0 0 0 0 0 0 0
 0 0 0 0 0 0 0 0 0 0 0 0 0 0 0 0 0 0 0 0 0 0 0 0 0 0 0 0 0 0 0 0 0 0]
war: 0.5740740740740741
uar: 0.46610316124205015
RESULTS FOR RES 50
F1: 0.459511686047637
war: 0.5861823361823362
uar: 0.4476416947250281
[[669. 100. 122.]
 [174.  95.  19.]
 [148.  18.  59.]]
RESULTS FOR VGG 16
F1: 0.4608800343647959
war: 0.594017094017094
uar: 0.4522699214365881
[[681. 118.  92.]
 [168.  90.  30.]
 [128.  34.  63.]]
RESULTS FOR VGG 19
F1: 0.4289675073681563
war: 0.5676638176638177
uar: 0.42100635989524876
[[665. 126. 100.]
 [188.  72.  28.]
 [140.  25.  60.]]
RESULTS FOR InceptionV3
F1: 0.4698306736062339
war: 0.5740740740740741
uar: 0.46610316124205015
[[629. 151. 111.]
 [167.  97.  24.]
 [131.  14.  80.]]
